  main.cpp
  Mem_Test_01.cpp
  Mem_Test_02.cpp
  Mem_Test_03.cpp
  Mem_Test_04.cpp
  Mem_Test_05.cpp
  Mem_Test_06.cpp
  Mem_Test_07.cpp
  Mem_Test_08.cpp
  Mem_Test_09.cpp
  Mem_Test_10.cpp
  Mem_Test_11.cpp
  Mem_Test_12.cpp
  Mem_Test_13.cpp
  Mem_Test_14.cpp
  Mem_Test_15.cpp
  Mem_Test_16.cpp
  Mem_Test_17_Stress.cpp
  FileIO.cpp
  Timer.cpp
  UnitTest.cpp
  Free.cpp
  Heap.cpp
  Mem.cpp
  MemReadOnly.cpp
  Used.cpp
  PA4.vcxproj -> C:\Users\kaijun\Desktop\csc461\student\khe11\PA4\Debug\PA4.exe
