c:\users\kaijun\desktop\csc461\reference\assignments\basics2\basics2\wrappercheck\f.obj
c:\users\kaijun\desktop\csc461\reference\assignments\basics2\basics2\wrappercheck\b.obj
c:\users\kaijun\desktop\csc461\reference\assignments\basics2\basics2\wrappercheck\wrapper.obj
c:\users\kaijun\desktop\csc461\reference\assignments\basics2\basics2\wrappercheck\fileio.obj
c:\users\kaijun\desktop\csc461\reference\assignments\basics2\basics2\wrappercheck\g.obj
c:\users\kaijun\desktop\csc461\reference\assignments\basics2\basics2\wrappercheck\m.obj
c:\users\kaijun\desktop\csc461\reference\assignments\basics2\basics2\wrappercheck\d.obj
c:\users\kaijun\desktop\csc461\reference\assignments\basics2\basics2\wrappercheck\middlewarenative.obj
c:\users\kaijun\desktop\csc461\reference\assignments\basics2\basics2\wrappercheck\timer.obj
c:\users\kaijun\desktop\csc461\reference\assignments\basics2\basics2\wrappercheck\e.obj
c:\users\kaijun\desktop\csc461\reference\assignments\basics2\basics2\wrappercheck\h.obj
c:\users\kaijun\desktop\csc461\reference\assignments\basics2\basics2\wrappercheck\unittest.obj
c:\users\kaijun\desktop\csc461\reference\assignments\basics2\basics2\wrappercheck\o.obj
c:\users\kaijun\desktop\csc461\reference\assignments\basics2\basics2\wrappercheck\a.obj
c:\users\kaijun\desktop\csc461\reference\assignments\basics2\basics2\wrappercheck\main.obj
c:\users\kaijun\desktop\csc461\reference\assignments\basics2\basics2\wrappercheck\p.obj
c:\users\kaijun\desktop\csc461\reference\assignments\basics2\basics2\wrappercheck\c.obj
c:\users\kaijun\desktop\csc461\reference\assignments\basics2\basics2\wrappercheck\n.obj
c:\users\kaijun\desktop\csc461\reference\assignments\basics2\basics2\wrappercheck\vc141.pdb
c:\users\kaijun\desktop\csc461\reference\assignments\basics2\basics2\wrappercheck\basics2.tlog\cl.13108.write.1.tlog
c:\users\kaijun\desktop\csc461\reference\assignments\basics2\basics2\wrappercheck\basics2.tlog\cl.command.1.tlog
c:\users\kaijun\desktop\csc461\reference\assignments\basics2\basics2\wrappercheck\basics2.tlog\cl.read.1.tlog
